生成启动时间为 2018/4/19 10:15:51。
     1>项目“C:\Users\Lenovo\Documents\Visual Studio 2013\Projects\20180415\20180415.vcxproj”在节点 2 上(Build 个目标)。
     1>ClCompile:
         D:\2zhanqianxian2zw\VC\bin\CL.exe /c /ZI /nologo /W3 /WX- /Od /Oy- /D WIN32 /D _DEBUG /D _CONSOLE /D _LIB /D _UNICODE /D UNICODE /Gm /EHsc /RTC1 /MDd /GS /fp:precise /Zc:wchar_t /Zc:forScope /Fo"Debug\\" /Fd"Debug\vc120.pdb" /Gd /TP /analyze- /errorReport:prompt 20180415.cpp Link.cpp main.cpp Queue.cpp Stack.cpp
         Stack.cpp
     1>c:\users\lenovo\documents\visual studio 2013\projects\20180415\stack.cpp(11): error C2572: “SqStack::SqStack”: 重定义默认参数 : 参数 1
                 c:\users\lenovo\documents\visual studio 2013\projects\20180415\stack.h(9) : 参见“SqStack::SqStack”的声明
     1>c:\users\lenovo\documents\visual studio 2013\projects\20180415\stack.cpp(46): error C2143: 语法错误 : 缺少“;”(在“}”的前面)
     1>c:\users\lenovo\documents\visual studio 2013\projects\20180415\stack.cpp(48): error C2143: 语法错误 : 缺少“;”(在“}”的前面)
         Queue.cpp
     1>c:\users\lenovo\documents\visual studio 2013\projects\20180415\queue.cpp(12): error C2572: “CircleQue::CircleQue”: 重定义默认参数 : 参数 1
                 c:\users\lenovo\documents\visual studio 2013\projects\20180415\queue.h(8) : 参见“CircleQue::CircleQue”的声明
     1>c:\users\lenovo\documents\visual studio 2013\projects\20180415\queue.cpp(66): error C2561: “CircleQue::front”: 函数必须返回值
                 c:\users\lenovo\documents\visual studio 2013\projects\20180415\queue.h(15) : 参见“CircleQue::front”的声明
     1>c:\users\lenovo\documents\visual studio 2013\projects\20180415\queue.cpp(68): error C3867: “CircleQue::front”:  函数调用缺少参数列表；请使用“&CircleQue::front”创建指向成员的指针
     1>c:\users\lenovo\documents\visual studio 2013\projects\20180415\queue.cpp(68): error C2296: “%”: 非法，左操作数包含“int (__thiscall CircleQue::* )(void)”类型
     1>c:\users\lenovo\documents\visual studio 2013\projects\20180415\queue.cpp(69): error C2143: 语法错误 : 缺少“;”(在“}”的前面)
     1>c:\users\lenovo\documents\visual studio 2013\projects\20180415\queue.cpp(79): error C4430: 缺少类型说明符 - 假定为 int。注意:  C++ 不支持默认 int
     1>c:\users\lenovo\documents\visual studio 2013\projects\20180415\queue.cpp(79): error C2556: “int CircleQue::operator =(const CircleQue &)”: 重载函数与“void CircleQue::operator =(const CircleQue &)”只是在返回类型上不同
                 c:\users\lenovo\documents\visual studio 2013\projects\20180415\queue.h(11) : 参见“CircleQue::operator =”的声明
     1>c:\users\lenovo\documents\visual studio 2013\projects\20180415\queue.cpp(79): error C2371: “CircleQue::operator =”: 重定义；不同的基类型
                 c:\users\lenovo\documents\visual studio 2013\projects\20180415\queue.h(11) : 参见“CircleQue::operator =”的声明
         main.cpp
         Link.cpp
     1>c:\users\lenovo\documents\visual studio 2013\projects\20180415\link.cpp(10): error C2065: “NULL”: 未声明的标识符
     1>c:\users\lenovo\documents\visual studio 2013\projects\20180415\link.cpp(23): error C2065: “ptmp”: 未声明的标识符
     1>c:\users\lenovo\documents\visual studio 2013\projects\20180415\link.cpp(25): error C2065: “ptmp”: 未声明的标识符
     1>c:\users\lenovo\documents\visual studio 2013\projects\20180415\link.cpp(25): error C2541: “delete”: 不能删除不是指针的对象
     1>c:\users\lenovo\documents\visual studio 2013\projects\20180415\link.cpp(32): error C2143: 语法错误 : 缺少“;”(在“}”的前面)
     1>c:\users\lenovo\documents\visual studio 2013\projects\20180415\link.cpp(41): error C2061: 语法错误: 标识符“phead”
     1>c:\users\lenovo\documents\visual studio 2013\projects\20180415\link.cpp(41): error C3553: decltype 应为表达式而不是类型
     1>c:\users\lenovo\documents\visual studio 2013\projects\20180415\link.cpp(41): error C2062: 意外的类型“int”
     1>c:\users\lenovo\documents\visual studio 2013\projects\20180415\link.cpp(42): error C2065: “NULL”: 未声明的标识符
     1>c:\users\lenovo\documents\visual studio 2013\projects\20180415\link.cpp(45): error C2065: “cout”: 未声明的标识符
     1>c:\users\lenovo\documents\visual studio 2013\projects\20180415\link.cpp(45): error C2065: “endl”: 未声明的标识符
     1>c:\users\lenovo\documents\visual studio 2013\projects\20180415\link.cpp(57): error C2065: “cout”: 未声明的标识符
     1>c:\users\lenovo\documents\visual studio 2013\projects\20180415\link.cpp(57): error C2065: “endl”: 未声明的标识符
     1>c:\users\lenovo\documents\visual studio 2013\projects\20180415\link.cpp(63): error C2065: “NULL”: 未声明的标识符
         20180415.cpp
         正在生成代码...
     1>已完成生成项目“C:\Users\Lenovo\Documents\Visual Studio 2013\Projects\20180415\20180415.vcxproj”(Build 个目标)的操作 - 失败。

生成失败。

已用时间 00:00:01.35
